This file contains any messages produced by compilers while
running configure, to aid debugging if configure makes a mistake.

It was created by proyecto2 configure 1.0, which was
generated by GNU Autoconf 2.69.  Invocation command line was

  $ ./configure 

## --------- ##
## Platform. ##
## --------- ##

hostname = Samsung
uname -m = x86_64
uname -r = 4.2.3-200.fc22.x86_64
uname -s = Linux
uname -v = #1 SMP Thu Oct 8 03:23:55 UTC 2015

/usr/bin/uname -p = x86_64
/bin/uname -X     = unknown

/bin/arch              = x86_64
/usr/bin/arch -k       = unknown
/usr/convex/getsysinfo = unknown
/usr/bin/hostinfo      = unknown
/bin/machine           = unknown
/usr/bin/oslevel       = unknown
/bin/universe          = unknown

PATH: /home/glopez/.rvm/gems/ruby-2.1.3/bin
PATH: /home/glopez/.rvm/gems/ruby-2.1.3@global/bin
PATH: /home/glopez/.rvm/rubies/ruby-2.1.3/bin
PATH: /usr/lib64/qt-3.3/bin
PATH: /usr/local/bin
PATH: /usr/local/sbin
PATH: /usr/bin
PATH: /usr/sbin
PATH: /bin
PATH: /sbin
PATH: /home/glopez/.rvm/bin
PATH: /home/glopez/.rvm/bin
PATH: /home/glopez/.local/bin
PATH: /home/glopez/bin
PATH: /home/glopez/.rvm/bin


## ----------- ##
## Core tests. ##
## ----------- ##

configure:2221: checking for a BSD-compatible install
configure:2289: result: /usr/bin/install -c
configure:2300: checking whether build environment is sane
configure:2355: result: yes
configure:2506: checking for a thread-safe mkdir -p
configure:2545: result: /usr/bin/mkdir -p
configure:2552: checking for gawk
configure:2568: found /usr/bin/gawk
configure:2579: result: gawk
configure:2590: checking whether make sets $(MAKE)
configure:2612: result: yes
configure:2641: checking whether make supports nested variables
configure:2658: result: yes
configure:2795: checking whether make supports nested variables
configure:2812: result: yes
configure:2825: WARNING: Libtool does not cope well with whitespace in `pwd`
configure:2852: checking build system type
configure:2866: result: x86_64-unknown-linux-gnu
configure:2886: checking host system type
configure:2899: result: x86_64-unknown-linux-gnu
configure:2940: checking how to print strings
configure:2967: result: printf
configure:3000: checking for style of include used by make
configure:3028: result: GNU
configure:3099: checking for gcc
configure:3115: found /usr/bin/gcc
configure:3126: result: gcc
configure:3355: checking for C compiler version
configure:3364: gcc --version >&5
gcc (GCC) 5.1.1 20150618 (Red Hat 5.1.1-4)
Copyright (C) 2015 Free Software Foundation, Inc.
This is free software; see the source for copying conditions.  There is NO
warranty; not even for MERCHANTABILITY or FITNESS FOR A PARTICULAR PURPOSE.

configure:3375: $? = 0
configure:3364: gcc -v >&5
Using built-in specs.
COLLECT_GCC=gcc
COLLECT_LTO_WRAPPER=/usr/libexec/gcc/x86_64-redhat-linux/5.1.1/lto-wrapper
Target: x86_64-redhat-linux
Configured with: ../configure --enable-bootstrap --enable-languages=c,c++,objc,obj-c++,fortran,ada,go,lto --prefix=/usr --mandir=/usr/share/man --infodir=/usr/share/info --with-bugurl=http://bugzilla.redhat.com/bugzilla --enable-shared --enable-threads=posix --enable-checking=release --enable-multilib --with-system-zlib --enable-__cxa_atexit --disable-libunwind-exceptions --enable-gnu-unique-object --enable-linker-build-id --with-linker-hash-style=gnu --enable-plugin --enable-initfini-array --disable-libgcj --with-default-libstdcxx-abi=c++98 --with-isl --enable-libmpx --enable-gnu-indirect-function --with-tune=generic --with-arch_32=i686 --build=x86_64-redhat-linux
Thread model: posix
gcc version 5.1.1 20150618 (Red Hat 5.1.1-4) (GCC) 
configure:3375: $? = 0
configure:3364: gcc -V >&5
gcc: error: unrecognized command line option '-V'
gcc: fatal error: no input files
compilation terminated.
configure:3375: $? = 1
configure:3364: gcc -qversion >&5
gcc: error: unrecognized command line option '-qversion'
gcc: fatal error: no input files
compilation terminated.
configure:3375: $? = 1
configure:3395: checking whether the C compiler works
configure:3417: gcc    conftest.c  >&5
configure:3421: $? = 0
configure:3469: result: yes
configure:3472: checking for C compiler default output file name
configure:3474: result: a.out
configure:3480: checking for suffix of executables
configure:3487: gcc -o conftest    conftest.c  >&5
configure:3491: $? = 0
configure:3513: result: 
configure:3535: checking whether we are cross compiling
configure:3543: gcc -o conftest    conftest.c  >&5
configure:3547: $? = 0
configure:3554: ./conftest
configure:3558: $? = 0
configure:3573: result: no
configure:3578: checking for suffix of object files
configure:3600: gcc -c   conftest.c >&5
configure:3604: $? = 0
configure:3625: result: o
configure:3629: checking whether we are using the GNU C compiler
configure:3648: gcc -c   conftest.c >&5
configure:3648: $? = 0
configure:3657: result: yes
configure:3666: checking whether gcc accepts -g
configure:3686: gcc -c -g  conftest.c >&5
configure:3686: $? = 0
configure:3727: result: yes
configure:3744: checking for gcc option to accept ISO C89
configure:3807: gcc  -c -g -O2  conftest.c >&5
configure:3807: $? = 0
configure:3820: result: none needed
configure:3845: checking whether gcc understands -c and -o together
configure:3867: gcc -c conftest.c -o conftest2.o
configure:3870: $? = 0
configure:3867: gcc -c conftest.c -o conftest2.o
configure:3870: $? = 0
configure:3882: result: yes
configure:3901: checking dependency style of gcc
configure:4012: result: gcc3
configure:4027: checking for a sed that does not truncate output
configure:4091: result: /usr/bin/sed
configure:4109: checking for grep that handles long lines and -e
configure:4167: result: /usr/bin/grep
configure:4172: checking for egrep
configure:4234: result: /usr/bin/grep -E
configure:4239: checking for fgrep
configure:4301: result: /usr/bin/grep -F
configure:4336: checking for ld used by gcc
configure:4403: result: /usr/bin/ld
configure:4410: checking if the linker (/usr/bin/ld) is GNU ld
configure:4425: result: yes
configure:4437: checking for BSD- or MS-compatible name lister (nm)
configure:4486: result: /usr/bin/nm -B
configure:4616: checking the name lister (/usr/bin/nm -B) interface
configure:4623: gcc -c -g -O2  conftest.c >&5
configure:4626: /usr/bin/nm -B "conftest.o"
configure:4629: output
0000000000000000 B some_variable
configure:4636: result: BSD nm
configure:4639: checking whether ln -s works
configure:4643: result: yes
configure:4651: checking the maximum length of command line arguments
configure:4781: result: 1572864
configure:4798: checking whether the shell understands some XSI constructs
configure:4808: result: yes
configure:4812: checking whether the shell understands "+="
configure:4818: result: yes
configure:4853: checking how to convert x86_64-unknown-linux-gnu file names to x86_64-unknown-linux-gnu format
configure:4893: result: func_convert_file_noop
configure:4900: checking how to convert x86_64-unknown-linux-gnu file names to toolchain format
configure:4920: result: func_convert_file_noop
configure:4927: checking for /usr/bin/ld option to reload object files
configure:4934: result: -r
configure:5008: checking for objdump
configure:5024: found /usr/bin/objdump
configure:5035: result: objdump
configure:5067: checking how to recognize dependent libraries
configure:5269: result: pass_all
configure:5354: checking for dlltool
configure:5384: result: no
configure:5414: checking how to associate runtime and link libraries
configure:5441: result: printf %s\n
configure:5502: checking for ar
configure:5518: found /usr/bin/ar
configure:5529: result: ar
configure:5566: checking for archiver @FILE support
configure:5583: gcc -c -g -O2  conftest.c >&5
configure:5583: $? = 0
configure:5586: ar cru libconftest.a @conftest.lst >&5
ar: `u' modifier ignored since `D' is the default (see `U')
configure:5589: $? = 0
configure:5594: ar cru libconftest.a @conftest.lst >&5
ar: `u' modifier ignored since `D' is the default (see `U')
ar: conftest.o: No such file or directory
configure:5597: $? = 1
configure:5609: result: @
configure:5667: checking for strip
configure:5683: found /usr/bin/strip
configure:5694: result: strip
configure:5766: checking for ranlib
configure:5782: found /usr/bin/ranlib
configure:5793: result: ranlib
configure:5895: checking command to parse /usr/bin/nm -B output from gcc object
configure:6015: gcc -c -g -O2  conftest.c >&5
configure:6018: $? = 0
configure:6022: /usr/bin/nm -B conftest.o \| sed -n -e 's/^.*[ ]\([ABCDGIRSTW][ABCDGIRSTW]*\)[ ][ ]*\([_A-Za-z][_A-Za-z0-9]*\)$/\1 \2 \2/p' | sed '/ __gnu_lto/d' \> conftest.nm
configure:6025: $? = 0
configure:6091: gcc -o conftest -g -O2   conftest.c conftstm.o >&5
configure:6094: $? = 0
configure:6132: result: ok
configure:6169: checking for sysroot
configure:6199: result: no
configure:6276: gcc -c -g -O2  conftest.c >&5
configure:6279: $? = 0
configure:6461: checking for mt
configure:6491: result: no
configure:6511: checking if : is a manifest tool
configure:6517: : '-?'
configure:6525: result: no
configure:7167: checking how to run the C preprocessor
configure:7198: gcc -E  conftest.c
configure:7198: $? = 0
configure:7212: gcc -E  conftest.c
conftest.c:11:28: fatal error: ac_nonexistent.h: No such file or directory
compilation terminated.
configure:7212: $? = 1
configure: failed program was:
| /* confdefs.h */
| #define PACKAGE_NAME "proyecto2"
| #define PACKAGE_TARNAME "proyecto2"
| #define PACKAGE_VERSION "1.0"
| #define PACKAGE_STRING "proyecto2 1.0"
| #define PACKAGE_BUGREPORT ""
| #define PACKAGE_URL ""
| #define PACKAGE "proyecto2"
| #define VERSION "1.0"
| /* end confdefs.h.  */
| #include <ac_nonexistent.h>
configure:7237: result: gcc -E
configure:7257: gcc -E  conftest.c
configure:7257: $? = 0
configure:7271: gcc -E  conftest.c
conftest.c:11:28: fatal error: ac_nonexistent.h: No such file or directory
compilation terminated.
configure:7271: $? = 1
configure: failed program was:
| /* confdefs.h */
| #define PACKAGE_NAME "proyecto2"
| #define PACKAGE_TARNAME "proyecto2"
| #define PACKAGE_VERSION "1.0"
| #define PACKAGE_STRING "proyecto2 1.0"
| #define PACKAGE_BUGREPORT ""
| #define PACKAGE_URL ""
| #define PACKAGE "proyecto2"
| #define VERSION "1.0"
| /* end confdefs.h.  */
| #include <ac_nonexistent.h>
configure:7300: checking for ANSI C header files
configure:7320: gcc -c -g -O2  conftest.c >&5
configure:7320: $? = 0
configure:7393: gcc -o conftest -g -O2   conftest.c  >&5
configure:7393: $? = 0
configure:7393: ./conftest
configure:7393: $? = 0
configure:7404: result: yes
configure:7417: checking for sys/types.h
configure:7417: gcc -c -g -O2  conftest.c >&5
configure:7417: $? = 0
configure:7417: result: yes
configure:7417: checking for sys/stat.h
configure:7417: gcc -c -g -O2  conftest.c >&5
configure:7417: $? = 0
configure:7417: result: yes
configure:7417: checking for stdlib.h
configure:7417: gcc -c -g -O2  conftest.c >&5
configure:7417: $? = 0
configure:7417: result: yes
configure:7417: checking for string.h
configure:7417: gcc -c -g -O2  conftest.c >&5
configure:7417: $? = 0
configure:7417: result: yes
configure:7417: checking for memory.h
configure:7417: gcc -c -g -O2  conftest.c >&5
configure:7417: $? = 0
configure:7417: result: yes
configure:7417: checking for strings.h
configure:7417: gcc -c -g -O2  conftest.c >&5
configure:7417: $? = 0
configure:7417: result: yes
configure:7417: checking for inttypes.h
configure:7417: gcc -c -g -O2  conftest.c >&5
configure:7417: $? = 0
configure:7417: result: yes
configure:7417: checking for stdint.h
configure:7417: gcc -c -g -O2  conftest.c >&5
configure:7417: $? = 0
configure:7417: result: yes
configure:7417: checking for unistd.h
configure:7417: gcc -c -g -O2  conftest.c >&5
configure:7417: $? = 0
configure:7417: result: yes
configure:7431: checking for dlfcn.h
configure:7431: gcc -c -g -O2  conftest.c >&5
configure:7431: $? = 0
configure:7431: result: yes
configure:7637: checking for objdir
configure:7652: result: .libs
configure:7923: checking if gcc supports -fno-rtti -fno-exceptions
configure:7941: gcc -c -g -O2  -fno-rtti -fno-exceptions conftest.c >&5
cc1: warning: command line option '-fno-rtti' is valid for C++/ObjC++ but not for C
configure:7945: $? = 0
configure:7958: result: no
configure:8285: checking for gcc option to produce PIC
configure:8292: result: -fPIC -DPIC
configure:8300: checking if gcc PIC flag -fPIC -DPIC works
configure:8318: gcc -c -g -O2  -fPIC -DPIC -DPIC conftest.c >&5
configure:8322: $? = 0
configure:8335: result: yes
configure:8364: checking if gcc static flag -static works
configure:8392: result: yes
configure:8407: checking if gcc supports -c -o file.o
configure:8428: gcc -c -g -O2  -o out/conftest2.o conftest.c >&5
configure:8432: $? = 0
configure:8454: result: yes
configure:8462: checking if gcc supports -c -o file.o
configure:8509: result: yes
configure:8542: checking whether the gcc linker (/usr/bin/ld -m elf_x86_64) supports shared libraries
configure:9695: result: yes
configure:9732: checking whether -lc should be explicitly linked in
configure:9740: gcc -c -g -O2  conftest.c >&5
configure:9743: $? = 0
configure:9758: gcc -shared  -fPIC -DPIC conftest.o  -v -Wl,-soname -Wl,conftest -o conftest 2\>\&1 \| /usr/bin/grep  -lc  \>/dev/null 2\>\&1
configure:9761: $? = 0
configure:9775: result: no
configure:9935: checking dynamic linker characteristics
configure:10446: gcc -o conftest -g -O2   -Wl,-rpath -Wl,/foo conftest.c  >&5
configure:10446: $? = 0
configure:10672: result: GNU/Linux ld.so
configure:10779: checking how to hardcode library paths into programs
configure:10804: result: immediate
configure:11344: checking whether stripping libraries is possible
configure:11349: result: yes
configure:11384: checking if libtool supports shared libraries
configure:11386: result: yes
configure:11389: checking whether to build shared libraries
configure:11410: result: yes
configure:11413: checking whether to build static libraries
configure:11417: result: yes
configure:11503: checking for gcc
configure:11530: result: gcc
configure:11759: checking for C compiler version
configure:11768: gcc --version >&5
gcc (GCC) 5.1.1 20150618 (Red Hat 5.1.1-4)
Copyright (C) 2015 Free Software Foundation, Inc.
This is free software; see the source for copying conditions.  There is NO
warranty; not even for MERCHANTABILITY or FITNESS FOR A PARTICULAR PURPOSE.

configure:11779: $? = 0
configure:11768: gcc -v >&5
Using built-in specs.
COLLECT_GCC=gcc
COLLECT_LTO_WRAPPER=/usr/libexec/gcc/x86_64-redhat-linux/5.1.1/lto-wrapper
Target: x86_64-redhat-linux
Configured with: ../configure --enable-bootstrap --enable-languages=c,c++,objc,obj-c++,fortran,ada,go,lto --prefix=/usr --mandir=/usr/share/man --infodir=/usr/share/info --with-bugurl=http://bugzilla.redhat.com/bugzilla --enable-shared --enable-threads=posix --enable-checking=release --enable-multilib --with-system-zlib --enable-__cxa_atexit --disable-libunwind-exceptions --enable-gnu-unique-object --enable-linker-build-id --with-linker-hash-style=gnu --enable-plugin --enable-initfini-array --disable-libgcj --with-default-libstdcxx-abi=c++98 --with-isl --enable-libmpx --enable-gnu-indirect-function --with-tune=generic --with-arch_32=i686 --build=x86_64-redhat-linux
Thread model: posix
gcc version 5.1.1 20150618 (Red Hat 5.1.1-4) (GCC) 
configure:11779: $? = 0
configure:11768: gcc -V >&5
gcc: error: unrecognized command line option '-V'
gcc: fatal error: no input files
compilation terminated.
configure:11779: $? = 1
configure:11768: gcc -qversion >&5
gcc: error: unrecognized command line option '-qversion'
gcc: fatal error: no input files
compilation terminated.
configure:11779: $? = 1
configure:11783: checking whether we are using the GNU C compiler
configure:11811: result: yes
configure:11820: checking whether gcc accepts -g
configure:11881: result: yes
configure:11898: checking for gcc option to accept ISO C89
configure:11974: result: none needed
configure:11999: checking whether gcc understands -c and -o together
configure:12036: result: yes
configure:12055: checking dependency style of gcc
configure:12166: result: gcc3
configure:12182: checking whether gcc and cc understand -c and -o together
configure:12213: gcc -c conftest.c -o conftest2.o >&5
configure:12217: $? = 0
configure:12223: gcc -c conftest.c -o conftest2.o >&5
configure:12227: $? = 0
configure:12238: cc -c conftest.c >&5
configure:12242: $? = 0
configure:12250: cc -c conftest.c -o conftest2.o >&5
configure:12254: $? = 0
configure:12260: cc -c conftest.c -o conftest2.o >&5
configure:12264: $? = 0
configure:12282: result: yes
configure:12294: checking for valac
configure:12312: found /usr/bin/valac
configure:12325: result: /usr/bin/valac
configure:12374: checking for valadoc
configure:12390: found /usr/local/bin/valadoc
configure:12401: result: valadoc
configure:12578: checking that generated files are newer than configure
configure:12584: result: done
configure:12615: creating ./config.status

## ---------------------- ##
## Running config.status. ##
## ---------------------- ##

This file was extended by proyecto2 config.status 1.0, which was
generated by GNU Autoconf 2.69.  Invocation command line was

  CONFIG_FILES    = 
  CONFIG_HEADERS  = 
  CONFIG_LINKS    = 
  CONFIG_COMMANDS = 
  $ ./config.status 

on Samsung

config.status:1008: creating Makefile
config.status:1008: creating src/Makefile
config.status:1180: executing depfiles commands
config.status:1180: executing libtool commands

## ---------------- ##
## Cache variables. ##
## ---------------- ##

ac_cv_build=x86_64-unknown-linux-gnu
ac_cv_c_compiler_gnu=yes
ac_cv_env_CC_set=
ac_cv_env_CC_value=
ac_cv_env_CFLAGS_set=
ac_cv_env_CFLAGS_value=
ac_cv_env_CPPFLAGS_set=
ac_cv_env_CPPFLAGS_value=
ac_cv_env_CPP_set=
ac_cv_env_CPP_value=
ac_cv_env_LDFLAGS_set=
ac_cv_env_LDFLAGS_value=
ac_cv_env_LIBS_set=
ac_cv_env_LIBS_value=
ac_cv_env_build_alias_set=
ac_cv_env_build_alias_value=
ac_cv_env_host_alias_set=
ac_cv_env_host_alias_value=
ac_cv_env_target_alias_set=
ac_cv_env_target_alias_value=
ac_cv_header_dlfcn_h=yes
ac_cv_header_inttypes_h=yes
ac_cv_header_memory_h=yes
ac_cv_header_stdc=yes
ac_cv_header_stdint_h=yes
ac_cv_header_stdlib_h=yes
ac_cv_header_string_h=yes
ac_cv_header_strings_h=yes
ac_cv_header_sys_stat_h=yes
ac_cv_header_sys_types_h=yes
ac_cv_header_unistd_h=yes
ac_cv_host=x86_64-unknown-linux-gnu
ac_cv_objext=o
ac_cv_path_EGREP='/usr/bin/grep -E'
ac_cv_path_FGREP='/usr/bin/grep -F'
ac_cv_path_GREP=/usr/bin/grep
ac_cv_path_SED=/usr/bin/sed
ac_cv_path_VALAC=/usr/bin/valac
ac_cv_path_install='/usr/bin/install -c'
ac_cv_path_mkdir=/usr/bin/mkdir
ac_cv_prog_AWK=gawk
ac_cv_prog_CPP='gcc -E'
ac_cv_prog_VALADOC=valadoc
ac_cv_prog_ac_ct_AR=ar
ac_cv_prog_ac_ct_CC=gcc
ac_cv_prog_ac_ct_OBJDUMP=objdump
ac_cv_prog_ac_ct_RANLIB=ranlib
ac_cv_prog_ac_ct_STRIP=strip
ac_cv_prog_cc_c89=
ac_cv_prog_cc_g=yes
ac_cv_prog_cc_gcc_c_o=yes
ac_cv_prog_make_make_set=yes
am_cv_CC_dependencies_compiler_type=gcc3
am_cv_make_support_nested_variables=yes
am_cv_prog_cc_c_o=yes
lt_cv_ar_at_file=@
lt_cv_archive_cmds_need_lc=no
lt_cv_deplibs_check_method=pass_all
lt_cv_file_magic_cmd='$MAGIC_CMD'
lt_cv_file_magic_test_file=
lt_cv_ld_reload_flag=-r
lt_cv_nm_interface='BSD nm'
lt_cv_objdir=.libs
lt_cv_path_LD=/usr/bin/ld
lt_cv_path_NM='/usr/bin/nm -B'
lt_cv_path_mainfest_tool=no
lt_cv_prog_compiler_c_o=yes
lt_cv_prog_compiler_pic='-fPIC -DPIC'
lt_cv_prog_compiler_pic_works=yes
lt_cv_prog_compiler_rtti_exceptions=no
lt_cv_prog_compiler_static_works=yes
lt_cv_prog_gnu_ld=yes
lt_cv_sharedlib_from_linklib_cmd='printf %s\n'
lt_cv_shlibpath_overrides_runpath=no
lt_cv_sys_global_symbol_pipe='sed -n -e '\''s/^.*[	 ]\([ABCDGIRSTW][ABCDGIRSTW]*\)[	 ][	 ]*\([_A-Za-z][_A-Za-z0-9]*\)$/\1 \2 \2/p'\'' | sed '\''/ __gnu_lto/d'\'''
lt_cv_sys_global_symbol_to_c_name_address='sed -n -e '\''s/^: \([^ ]*\)[ ]*$/  {\"\1\", (void *) 0},/p'\'' -e '\''s/^[ABCDGIRSTW]* \([^ ]*\) \([^ ]*\)$/  {"\2", (void *) \&\2},/p'\'''
lt_cv_sys_global_symbol_to_c_name_address_lib_prefix='sed -n -e '\''s/^: \([^ ]*\)[ ]*$/  {\"\1\", (void *) 0},/p'\'' -e '\''s/^[ABCDGIRSTW]* \([^ ]*\) \(lib[^ ]*\)$/  {"\2", (void *) \&\2},/p'\'' -e '\''s/^[ABCDGIRSTW]* \([^ ]*\) \([^ ]*\)$/  {"lib\2", (void *) \&\2},/p'\'''
lt_cv_sys_global_symbol_to_cdecl='sed -n -e '\''s/^T .* \(.*\)$/extern int \1();/p'\'' -e '\''s/^[ABCDGIRSTW]* .* \(.*\)$/extern char \1;/p'\'''
lt_cv_sys_max_cmd_len=1572864
lt_cv_to_host_file_cmd=func_convert_file_noop
lt_cv_to_tool_file_cmd=func_convert_file_noop

## ----------------- ##
## Output variables. ##
## ----------------- ##

ACLOCAL='${SHELL} "/home/glopez/Documents/3er semestre/Modelado y Programación/Proyectos/Proyecto2/build/missing" aclocal-1.15'
AMDEPBACKSLASH='\'
AMDEP_FALSE='#'
AMDEP_TRUE=''
AMTAR='$${TAR-tar}'
AM_BACKSLASH='\'
AM_DEFAULT_V='$(AM_DEFAULT_VERBOSITY)'
AM_DEFAULT_VERBOSITY='0'
AM_V='$(V)'
AR='ar'
AUTOCONF='${SHELL} "/home/glopez/Documents/3er semestre/Modelado y Programación/Proyectos/Proyecto2/build/missing" autoconf'
AUTOHEADER='${SHELL} "/home/glopez/Documents/3er semestre/Modelado y Programación/Proyectos/Proyecto2/build/missing" autoheader'
AUTOMAKE='${SHELL} "/home/glopez/Documents/3er semestre/Modelado y Programación/Proyectos/Proyecto2/build/missing" automake-1.15'
AWK='gawk'
CC='gcc'
CCDEPMODE='depmode=gcc3'
CFLAGS='-g -O2'
CPP='gcc -E'
CPPFLAGS=''
CYGPATH_W='echo'
DEFS='-DPACKAGE_NAME=\"proyecto2\" -DPACKAGE_TARNAME=\"proyecto2\" -DPACKAGE_VERSION=\"1.0\" -DPACKAGE_STRING=\"proyecto2\ 1.0\" -DPACKAGE_BUGREPORT=\"\" -DPACKAGE_URL=\"\" -DPACKAGE=\"proyecto2\" -DVERSION=\"1.0\" -DSTDC_HEADERS=1 -DHAVE_SYS_TYPES_H=1 -DHAVE_SYS_STAT_H=1 -DHAVE_STDLIB_H=1 -DHAVE_STRING_H=1 -DHAVE_MEMORY_H=1 -DHAVE_STRINGS_H=1 -DHAVE_INTTYPES_H=1 -DHAVE_STDINT_H=1 -DHAVE_UNISTD_H=1 -DHAVE_DLFCN_H=1 -DLT_OBJDIR=\".libs/\"'
DEPDIR='.deps'
DLLTOOL='false'
DSYMUTIL=''
DUMPBIN=''
ECHO_C=''
ECHO_N='-n'
ECHO_T=''
EGREP='/usr/bin/grep -E'
EXEEXT=''
FGREP='/usr/bin/grep -F'
GREP='/usr/bin/grep'
HAVE_VALADOC_FALSE='#'
HAVE_VALADOC_TRUE=''
INSTALL_DATA='${INSTALL} -m 644'
INSTALL_PROGRAM='${INSTALL}'
INSTALL_SCRIPT='${INSTALL}'
INSTALL_STRIP_PROGRAM='$(install_sh) -c -s'
LD='/usr/bin/ld -m elf_x86_64'
LDFLAGS=''
LIBOBJS=''
LIBS=''
LIBTOOL='$(SHELL) $(top_builddir)/libtool'
LIPO=''
LN_S='ln -s'
LTLIBOBJS=''
MAKEINFO='${SHELL} "/home/glopez/Documents/3er semestre/Modelado y Programación/Proyectos/Proyecto2/build/missing" makeinfo'
MANIFEST_TOOL=':'
MKDIR_P='/usr/bin/mkdir -p'
NM='/usr/bin/nm -B'
NMEDIT=''
OBJDUMP='objdump'
OBJEXT='o'
OTOOL64=''
OTOOL=''
PACKAGE='proyecto2'
PACKAGE_BUGREPORT=''
PACKAGE_NAME='proyecto2'
PACKAGE_STRING='proyecto2 1.0'
PACKAGE_TARNAME='proyecto2'
PACKAGE_URL=''
PACKAGE_VERSION='1.0'
PATH_SEPARATOR=':'
RANLIB='ranlib'
SED='/usr/bin/sed'
SET_MAKE=''
SHELL='/bin/sh'
STRIP='strip'
VALAC='/usr/bin/valac'
VALADOC='valadoc'
VALAFLAGS='--pkg gtk+-3.0 --pkg gmodule-2.0 --pkg sqlite3'
VERSION='1.0'
ac_ct_AR='ar'
ac_ct_CC='gcc'
ac_ct_DUMPBIN=''
am__EXEEXT_FALSE=''
am__EXEEXT_TRUE='#'
am__fastdepCC_FALSE='#'
am__fastdepCC_TRUE=''
am__include='include'
am__isrc=''
am__leading_dot='.'
am__nodep='_no'
am__quote=''
am__tar='$${TAR-tar} chof - "$$tardir"'
am__untar='$${TAR-tar} xf -'
bindir='${exec_prefix}/bin'
build='x86_64-unknown-linux-gnu'
build_alias=''
build_cpu='x86_64'
build_os='linux-gnu'
build_vendor='unknown'
datadir='${datarootdir}'
datarootdir='${prefix}/share'
docdir='${datarootdir}/doc/${PACKAGE_TARNAME}'
dvidir='${docdir}'
exec_prefix='${prefix}'
host='x86_64-unknown-linux-gnu'
host_alias=''
host_cpu='x86_64'
host_os='linux-gnu'
host_vendor='unknown'
htmldir='${docdir}'
includedir='${prefix}/include'
infodir='${datarootdir}/info'
install_sh='${SHELL} '\''/home/glopez/Documents/3er semestre/Modelado y Programación/Proyectos/Proyecto2/build/install-sh'\'''
libdir='${exec_prefix}/lib'
libexecdir='${exec_prefix}/libexec'
localedir='${datarootdir}/locale'
localstatedir='${prefix}/var'
mandir='${datarootdir}/man'
mkdir_p='$(MKDIR_P)'
oldincludedir='/usr/include'
pdfdir='${docdir}'
prefix='/usr/local'
program_transform_name='s,x,x,'
psdir='${docdir}'
sbindir='${exec_prefix}/sbin'
sharedstatedir='${prefix}/com'
sysconfdir='${prefix}/etc'
target_alias=''

## ----------- ##
## confdefs.h. ##
## ----------- ##

/* confdefs.h */
#define PACKAGE_NAME "proyecto2"
#define PACKAGE_TARNAME "proyecto2"
#define PACKAGE_VERSION "1.0"
#define PACKAGE_STRING "proyecto2 1.0"
#define PACKAGE_BUGREPORT ""
#define PACKAGE_URL ""
#define PACKAGE "proyecto2"
#define VERSION "1.0"
#define STDC_HEADERS 1
#define HAVE_SYS_TYPES_H 1
#define HAVE_SYS_STAT_H 1
#define HAVE_STDLIB_H 1
#define HAVE_STRING_H 1
#define HAVE_MEMORY_H 1
#define HAVE_STRINGS_H 1
#define HAVE_INTTYPES_H 1
#define HAVE_STDINT_H 1
#define HAVE_UNISTD_H 1
#define HAVE_DLFCN_H 1
#define LT_OBJDIR ".libs/"

configure: exit 0

## ---------------------- ##
## Running config.status. ##
## ---------------------- ##

This file was extended by proyecto2 config.status 1.0, which was
generated by GNU Autoconf 2.69.  Invocation command line was

  CONFIG_FILES    = 
  CONFIG_HEADERS  = 
  CONFIG_LINKS    = 
  CONFIG_COMMANDS = 
  $ ./config.status Makefile

on Samsung

config.status:1008: creating Makefile

## ---------------------- ##
## Running config.status. ##
## ---------------------- ##

This file was extended by proyecto2 config.status 1.0, which was
generated by GNU Autoconf 2.69.  Invocation command line was

  CONFIG_FILES    = 
  CONFIG_HEADERS  = 
  CONFIG_LINKS    = 
  CONFIG_COMMANDS = 
  $ ./config.status Makefile

on Samsung

config.status:1008: creating Makefile
